<?xml version="1.0" encoding="UTF-8"?>
<!-- Generated by org.testng.reporters.JUnitXMLReporter -->
<testsuite hostname="LAPTOP-5G0H4FFG" ignored="0" name="Surefire test" tests="1" failures="1" timestamp="2021-10-28T11:36:57 PDT" time="5.643" errors="0">
  <testcase name="runScenario" time="5.33" classname="io.cucumber.testng.AbstractTestNGCucumberTests">
    <failure type="java.lang.AssertionError" message="expected [Thank you for sign up] but found [Thank you for sign up, here your id - TTC89XcZ]">
      <![CDATA[java.lang.AssertionError: expected [Thank you for sign up] but found [Thank you for sign up, here your id - TTC89XcZ]
at pageObject.signup_page.getThankYouMsg(signup_page.java:88)
at stepDef.signup_steps.iShouldSeeThankYouForSignUpMessage(signup_steps.java:41)
at ✽.I should see Thank you for sign up message(file:///C:/Users/lmakn/Documents/TalentTEK/Git/CucumberBDD_Pactice3/src/test/java/features/signup.feature:8)
... Removed 6 stack frames]]>
    </failure>
  </testcase> <!-- runScenario -->
</testsuite> <!-- Surefire test -->
